\BOOKMARK [0][-]{chapter.1}{第1章  基于容器化服务资源提供技术}{}% 1
\BOOKMARK [1][-]{section.1.1}{1.1 引言}{chapter.1}% 2
\BOOKMARK [1][-]{section.1.2}{1.2 相关研究}{chapter.1}% 3
\BOOKMARK [2][-]{subsection.1.2.1}{1.2.1 计算迁移技术}{section.1.2}% 4
\BOOKMARK [2][-]{subsection.1.2.2}{1.2.2\040Web\040Worker}{section.1.2}% 5
\BOOKMARK [2][-]{subsection.1.2.3}{1.2.3 虚拟化技术}{section.1.2}% 6
\BOOKMARK [1][-]{section.1.3}{1.3 基于边缘容器的Web Worker透明计算迁移系统设计}{chapter.1}% 7
\BOOKMARK [2][-]{subsection.1.3.1}{1.3.1 系统设计，结构，模块，流程}{section.1.3}% 8
\BOOKMARK [2][-]{subsection.1.3.2}{1.3.2 透明迁移的客户端}{section.1.3}% 9
\BOOKMARK [2][-]{subsection.1.3.3}{1.3.3 基于容器的服务端}{section.1.3}% 10
\BOOKMARK [1][-]{section.1.4}{1.4 实验结果及分析}{chapter.1}% 11
\BOOKMARK [2][-]{subsection.1.4.1}{1.4.1 实验配置}{section.1.4}% 12
\BOOKMARK [2][-]{subsection.1.4.2}{1.4.2 实验结果}{section.1.4}% 13
\BOOKMARK [1][-]{section.1.5}{1.5 本章小结}{chapter.1}% 14
\BOOKMARK [0][-]{appendix.A}{附录 A  中国科学院大学学位论文撰写要求}{}% 15
\BOOKMARK [1][-]{section.A.1}{A.1 论文无附录者无需附录部分}{appendix.A}% 16
\BOOKMARK [1][-]{section.A.2}{A.2 测试公式编号}{appendix.A}% 17
\BOOKMARK [1][-]{section.A.3}{A.3 测试生僻字}{appendix.A}% 18
\BOOKMARK [0][-]{section*.10}{参考文献}{}% 19
\BOOKMARK [0][-]{appendix*.12}{作者简历及攻读学位期间发表的学术论文与研究成果}{}% 20
\BOOKMARK [0][-]{appendix*.19}{致谢}{}% 21
